
> frontend@0.1.0 dev
> next dev

  ▲ Next.js 14.2.35
  - Local:        http://localhost:3000

 ✓ Starting...
Attention: Next.js now collects completely anonymous telemetry regarding usage.
This information is used to shape Next.js' roadmap and prioritize features.
You can learn more, including how to opt-out if you'd not like to participate in this anonymous program, by visiting the following URL:
https://nextjs.org/telemetry

 ✓ Ready in 1850ms
 ○ Compiling / ...
 ✓ Compiled / in 4.5s (597 modules)
 GET / 200 in 4923ms
 ✓ Compiled in 491ms (241 modules)
 GET / 200 in 120ms
 GET / 200 in 93ms
 ✓ Compiled in 410ms (505 modules)
 GET / 200 in 254ms
 ✓ Compiled in 403ms (505 modules)
 ✓ Compiled in 489ms (510 modules)
 ✓ Compiled in 377ms (505 modules)
Error: ENOENT: no such file or directory, scandir '/app/frontend/app'
    at async Object.readdir (node:internal/fs/promises:952:18)
    at async /app/frontend/node_modules/next/dist/lib/recursive-readdir.js:39:29
    at async Promise.all (index 0)
    at async recursiveReadDir (/app/frontend/node_modules/next/dist/lib/recursive-readdir.js:32:25)
    at async /app/frontend/node_modules/next/dist/server/future/route-matcher-providers/dev/helpers/file-reader/batched-file-reader.js:71:25
    at async Promise.all (index 0)
    at async BatchedFileReader.load (/app/frontend/node_modules/next/dist/server/future/route-matcher-providers/dev/helpers/file-reader/batched-file-reader.js:67:25)
    at async /app/frontend/node_modules/next/dist/server/future/route-matcher-providers/dev/helpers/file-reader/batched-file-reader.js:41:26 {
  errno: -2,
  code: 'ENOENT',
  syscall: 'scandir',
  path: '/app/frontend/app'
}
 ⨯ unhandledRejection: Error: ENOENT: no such file or directory, scandir '/app/frontend/app'
    at async Object.readdir (node:internal/fs/promises:952:18)
    at async /app/frontend/node_modules/next/dist/lib/recursive-readdir.js:39:29
    at async Promise.all (index 0)
    at async recursiveReadDir (/app/frontend/node_modules/next/dist/lib/recursive-readdir.js:32:25)
    at async /app/frontend/node_modules/next/dist/server/future/route-matcher-providers/dev/helpers/file-reader/batched-file-reader.js:71:25
    at async Promise.all (index 0)
    at async BatchedFileReader.load (/app/frontend/node_modules/next/dist/server/future/route-matcher-providers/dev/helpers/file-reader/batched-file-reader.js:67:25)
    at async /app/frontend/node_modules/next/dist/server/future/route-matcher-providers/dev/helpers/file-reader/batched-file-reader.js:41:26 {
  errno: -2,
  code: 'ENOENT',
  syscall: 'scandir',
  path: '/app/frontend/app'
}
 ⨯ unhandledRejection: Error: ENOENT: no such file or directory, scandir '/app/frontend/app'
    at async Object.readdir (node:internal/fs/promises:952:18)
    at async /app/frontend/node_modules/next/dist/lib/recursive-readdir.js:39:29
    at async Promise.all (index 0)
    at async recursiveReadDir (/app/frontend/node_modules/next/dist/lib/recursive-readdir.js:32:25)
    at async /app/frontend/node_modules/next/dist/server/future/route-matcher-providers/dev/helpers/file-reader/batched-file-reader.js:71:25
    at async Promise.all (index 0)
    at async BatchedFileReader.load (/app/frontend/node_modules/next/dist/server/future/route-matcher-providers/dev/helpers/file-reader/batched-file-reader.js:67:25)
    at async /app/frontend/node_modules/next/dist/server/future/route-matcher-providers/dev/helpers/file-reader/batched-file-reader.js:41:26 {
  errno: -2,
  code: 'ENOENT',
  syscall: 'scandir',
  path: '/app/frontend/app'
}
 ⨯ Module not found: Error: Can't resolve 'next-flight-client-entry-loader' in '/app/frontend'
 ⨯ Module not found: Error: Can't resolve 'next-flight-client-entry-loader' in '/app/frontend'
Error: ENOENT: no such file or directory, scandir '/app/frontend/app'
    at async Object.readdir (node:internal/fs/promises:952:18)
    at async /app/frontend/node_modules/next/dist/lib/recursive-readdir.js:39:29
    at async Promise.all (index 0)
    at async recursiveReadDir (/app/frontend/node_modules/next/dist/lib/recursive-readdir.js:32:25)
    at async /app/frontend/node_modules/next/dist/server/future/route-matcher-providers/dev/helpers/file-reader/batched-file-reader.js:71:25
    at async Promise.all (index 0)
    at async BatchedFileReader.load (/app/frontend/node_modules/next/dist/server/future/route-matcher-providers/dev/helpers/file-reader/batched-file-reader.js:67:25)
    at async /app/frontend/node_modules/next/dist/server/future/route-matcher-providers/dev/helpers/file-reader/batched-file-reader.js:41:26 {
  errno: -2,
  code: 'ENOENT',
  syscall: 'scandir',
  path: '/app/frontend/app'
}
Error: ENOENT: no such file or directory, scandir '/app/frontend/app'
    at async Object.readdir (node:internal/fs/promises:952:18)
    at async /app/frontend/node_modules/next/dist/lib/recursive-readdir.js:39:29
    at async Promise.all (index 0)
    at async recursiveReadDir (/app/frontend/node_modules/next/dist/lib/recursive-readdir.js:32:25)
    at async /app/frontend/node_modules/next/dist/server/future/route-matcher-providers/dev/helpers/file-reader/batched-file-reader.js:71:25
    at async Promise.all (index 0)
    at async BatchedFileReader.load (/app/frontend/node_modules/next/dist/server/future/route-matcher-providers/dev/helpers/file-reader/batched-file-reader.js:67:25)
    at async /app/frontend/node_modules/next/dist/server/future/route-matcher-providers/dev/helpers/file-reader/batched-file-reader.js:41:26 {
  errno: -2,
  code: 'ENOENT',
  syscall: 'scandir',
  path: '/app/frontend/app'
}
[?25h
