
> frontend@0.1.0 dev
> next dev

 ⚠ Port 3000 is in use, trying 3001 instead.
  ▲ Next.js 14.2.35
  - Local:        http://localhost:3001

 ✓ Starting...
 ✓ Ready in 3.2s
 ○ Compiling / ...
 ✓ Compiled / in 13.4s (597 modules)
 ⨯ components/MathGraph.jsx (27:10) @ values
 ⨯ TypeError: Cannot convert undefined or null to object
    at Function.values (<anonymous>)
    at MathGraph (./components/MathGraph.jsx:61:12)
    at stringify (<anonymous>)
    at stringify (<anonymous>)
digest: "3376046471"
[0m [90m 25 |[39m   [36mlet[39m minX [33m=[39m [33mInfinity[39m[33m,[39m minY [33m=[39m [33mInfinity[39m[33m,[39m maxX [33m=[39m [33m-[39m[33mInfinity[39m[33m,[39m maxY [33m=[39m [33m-[39m[33mInfinity[39m[33m;[39m[0m
[0m [90m 26 |[39m[0m
[0m[31m[1m>[22m[39m[90m 27 |[39m   [33mObject[39m[33m.[39mvalues(data[33m.[39mpoints)[33m.[39mforEach(([x[33m,[39m y]) [33m=>[39m {[0m
[0m [90m    |[39m          [31m[1m^[22m[39m[0m
[0m [90m 28 |[39m     [36mif[39m (x [33m<[39m minX) minX [33m=[39m x[33m;[39m[0m
[0m [90m 29 |[39m     [36mif[39m (x [33m>[39m maxX) maxX [33m=[39m x[33m;[39m[0m
[0m [90m 30 |[39m     [36mif[39m (y [33m<[39m minY) minY [33m=[39m y[33m;[39m[0m
 ⨯ components/MathGraph.jsx (27:10) @ values
 ⨯ TypeError: Cannot convert undefined or null to object
    at Function.values (<anonymous>)
    at MathGraph (./components/MathGraph.jsx:61:12)
    at stringify (<anonymous>)
    at stringify (<anonymous>)
digest: "3376046471"
[0m [90m 25 |[39m   [36mlet[39m minX [33m=[39m [33mInfinity[39m[33m,[39m minY [33m=[39m [33mInfinity[39m[33m,[39m maxX [33m=[39m [33m-[39m[33mInfinity[39m[33m,[39m maxY [33m=[39m [33m-[39m[33mInfinity[39m[33m;[39m[0m
[0m [90m 26 |[39m[0m
[0m[31m[1m>[22m[39m[90m 27 |[39m   [33mObject[39m[33m.[39mvalues(data[33m.[39mpoints)[33m.[39mforEach(([x[33m,[39m y]) [33m=>[39m {[0m
[0m [90m    |[39m          [31m[1m^[22m[39m[0m
[0m [90m 28 |[39m     [36mif[39m (x [33m<[39m minX) minX [33m=[39m x[33m;[39m[0m
[0m [90m 29 |[39m     [36mif[39m (x [33m>[39m maxX) maxX [33m=[39m x[33m;[39m[0m
[0m [90m 30 |[39m     [36mif[39m (y [33m<[39m minY) minY [33m=[39m y[33m;[39m[0m
 ⨯ components/MathGraph.jsx (27:10) @ values
 ⨯ TypeError: Cannot convert undefined or null to object
    at Function.values (<anonymous>)
    at MathGraph (./components/MathGraph.jsx:61:12)
    at stringify (<anonymous>)
    at stringify (<anonymous>)
digest: "3376046471"
[0m [90m 25 |[39m   [36mlet[39m minX [33m=[39m [33mInfinity[39m[33m,[39m minY [33m=[39m [33mInfinity[39m[33m,[39m maxX [33m=[39m [33m-[39m[33mInfinity[39m[33m,[39m maxY [33m=[39m [33m-[39m[33mInfinity[39m[33m;[39m[0m
[0m [90m 26 |[39m[0m
[0m[31m[1m>[22m[39m[90m 27 |[39m   [33mObject[39m[33m.[39mvalues(data[33m.[39mpoints)[33m.[39mforEach(([x[33m,[39m y]) [33m=>[39m {[0m
[0m [90m    |[39m          [31m[1m^[22m[39m[0m
[0m [90m 28 |[39m     [36mif[39m (x [33m<[39m minX) minX [33m=[39m x[33m;[39m[0m
[0m [90m 29 |[39m     [36mif[39m (x [33m>[39m maxX) maxX [33m=[39m x[33m;[39m[0m
[0m [90m 30 |[39m     [36mif[39m (y [33m<[39m minY) minY [33m=[39m y[33m;[39m[0m
 ⨯ components/MathGraph.jsx (27:10) @ values
 ⨯ TypeError: Cannot convert undefined or null to object
    at Function.values (<anonymous>)
    at MathGraph (./components/MathGraph.jsx:61:12)
    at stringify (<anonymous>)
    at stringify (<anonymous>)
digest: "3376046471"
[0m [90m 25 |[39m   [36mlet[39m minX [33m=[39m [33mInfinity[39m[33m,[39m minY [33m=[39m [33mInfinity[39m[33m,[39m maxX [33m=[39m [33m-[39m[33mInfinity[39m[33m,[39m maxY [33m=[39m [33m-[39m[33mInfinity[39m[33m;[39m[0m
[0m [90m 26 |[39m[0m
[0m[31m[1m>[22m[39m[90m 27 |[39m   [33mObject[39m[33m.[39mvalues(data[33m.[39mpoints)[33m.[39mforEach(([x[33m,[39m y]) [33m=>[39m {[0m
[0m [90m    |[39m          [31m[1m^[22m[39m[0m
[0m [90m 28 |[39m     [36mif[39m (x [33m<[39m minX) minX [33m=[39m x[33m;[39m[0m
[0m [90m 29 |[39m     [36mif[39m (x [33m>[39m maxX) maxX [33m=[39m x[33m;[39m[0m
[0m [90m 30 |[39m     [36mif[39m (y [33m<[39m minY) minY [33m=[39m y[33m;[39m[0m
 ⨯ components/MathGraph.jsx (27:10) @ values
 ⨯ TypeError: Cannot convert undefined or null to object
    at Function.values (<anonymous>)
    at MathGraph (./components/MathGraph.jsx:61:12)
    at stringify (<anonymous>)
    at stringify (<anonymous>)
digest: "3376046471"
[0m [90m 25 |[39m   [36mlet[39m minX [33m=[39m [33mInfinity[39m[33m,[39m minY [33m=[39m [33mInfinity[39m[33m,[39m maxX [33m=[39m [33m-[39m[33mInfinity[39m[33m,[39m maxY [33m=[39m [33m-[39m[33mInfinity[39m[33m;[39m[0m
[0m [90m 26 |[39m[0m
[0m[31m[1m>[22m[39m[90m 27 |[39m   [33mObject[39m[33m.[39mvalues(data[33m.[39mpoints)[33m.[39mforEach(([x[33m,[39m y]) [33m=>[39m {[0m
[0m [90m    |[39m          [31m[1m^[22m[39m[0m
[0m [90m 28 |[39m     [36mif[39m (x [33m<[39m minX) minX [33m=[39m x[33m;[39m[0m
[0m [90m 29 |[39m     [36mif[39m (x [33m>[39m maxX) maxX [33m=[39m x[33m;[39m[0m
[0m [90m 30 |[39m     [36mif[39m (y [33m<[39m minY) minY [33m=[39m y[33m;[39m[0m
 ⨯ components/MathGraph.jsx (27:10) @ values
 ⨯ TypeError: Cannot convert undefined or null to object
    at Function.values (<anonymous>)
    at MathGraph (./components/MathGraph.jsx:61:12)
    at stringify (<anonymous>)
    at stringify (<anonymous>)
digest: "3376046471"
[0m [90m 25 |[39m   [36mlet[39m minX [33m=[39m [33mInfinity[39m[33m,[39m minY [33m=[39m [33mInfinity[39m[33m,[39m maxX [33m=[39m [33m-[39m[33mInfinity[39m[33m,[39m maxY [33m=[39m [33m-[39m[33mInfinity[39m[33m;[39m[0m
[0m [90m 26 |[39m[0m
[0m[31m[1m>[22m[39m[90m 27 |[39m   [33mObject[39m[33m.[39mvalues(data[33m.[39mpoints)[33m.[39mforEach(([x[33m,[39m y]) [33m=>[39m {[0m
[0m [90m    |[39m          [31m[1m^[22m[39m[0m
[0m [90m 28 |[39m     [36mif[39m (x [33m<[39m minX) minX [33m=[39m x[33m;[39m[0m
[0m [90m 29 |[39m     [36mif[39m (x [33m>[39m maxX) maxX [33m=[39m x[33m;[39m[0m
[0m [90m 30 |[39m     [36mif[39m (y [33m<[39m minY) minY [33m=[39m y[33m;[39m[0m
 ⨯ components/MathGraph.jsx (27:10) @ values
 ⨯ TypeError: Cannot convert undefined or null to object
    at Function.values (<anonymous>)
    at MathGraph (./components/MathGraph.jsx:61:12)
    at stringify (<anonymous>)
    at stringify (<anonymous>)
digest: "3376046471"
[0m [90m 25 |[39m   [36mlet[39m minX [33m=[39m [33mInfinity[39m[33m,[39m minY [33m=[39m [33mInfinity[39m[33m,[39m maxX [33m=[39m [33m-[39m[33mInfinity[39m[33m,[39m maxY [33m=[39m [33m-[39m[33mInfinity[39m[33m;[39m[0m
[0m [90m 26 |[39m[0m
[0m[31m[1m>[22m[39m[90m 27 |[39m   [33mObject[39m[33m.[39mvalues(data[33m.[39mpoints)[33m.[39mforEach(([x[33m,[39m y]) [33m=>[39m {[0m
[0m [90m    |[39m          [31m[1m^[22m[39m[0m
[0m [90m 28 |[39m     [36mif[39m (x [33m<[39m minX) minX [33m=[39m x[33m;[39m[0m
[0m [90m 29 |[39m     [36mif[39m (x [33m>[39m maxX) maxX [33m=[39m x[33m;[39m[0m
[0m [90m 30 |[39m     [36mif[39m (y [33m<[39m minY) minY [33m=[39m y[33m;[39m[0m
 ⨯ components/MathGraph.jsx (27:10) @ values
 ⨯ TypeError: Cannot convert undefined or null to object
    at Function.values (<anonymous>)
    at MathGraph (./components/MathGraph.jsx:61:12)
    at stringify (<anonymous>)
    at stringify (<anonymous>)
digest: "3376046471"
[0m [90m 25 |[39m   [36mlet[39m minX [33m=[39m [33mInfinity[39m[33m,[39m minY [33m=[39m [33mInfinity[39m[33m,[39m maxX [33m=[39m [33m-[39m[33mInfinity[39m[33m,[39m maxY [33m=[39m [33m-[39m[33mInfinity[39m[33m;[39m[0m
[0m [90m 26 |[39m[0m
[0m[31m[1m>[22m[39m[90m 27 |[39m   [33mObject[39m[33m.[39mvalues(data[33m.[39mpoints)[33m.[39mforEach(([x[33m,[39m y]) [33m=>[39m {[0m
[0m [90m    |[39m          [31m[1m^[22m[39m[0m
[0m [90m 28 |[39m     [36mif[39m (x [33m<[39m minX) minX [33m=[39m x[33m;[39m[0m
[0m [90m 29 |[39m     [36mif[39m (x [33m>[39m maxX) maxX [33m=[39m x[33m;[39m[0m
[0m [90m 30 |[39m     [36mif[39m (y [33m<[39m minY) minY [33m=[39m y[33m;[39m[0m
 ⨯ components/MathGraph.jsx (27:10) @ values
 ⨯ TypeError: Cannot convert undefined or null to object
    at Function.values (<anonymous>)
    at MathGraph (./components/MathGraph.jsx:61:12)
    at stringify (<anonymous>)
    at stringify (<anonymous>)
digest: "3376046471"
[0m [90m 25 |[39m   [36mlet[39m minX [33m=[39m [33mInfinity[39m[33m,[39m minY [33m=[39m [33mInfinity[39m[33m,[39m maxX [33m=[39m [33m-[39m[33mInfinity[39m[33m,[39m maxY [33m=[39m [33m-[39m[33mInfinity[39m[33m;[39m[0m
[0m [90m 26 |[39m[0m
[0m[31m[1m>[22m[39m[90m 27 |[39m   [33mObject[39m[33m.[39mvalues(data[33m.[39mpoints)[33m.[39mforEach(([x[33m,[39m y]) [33m=>[39m {[0m
[0m [90m    |[39m          [31m[1m^[22m[39m[0m
[0m [90m 28 |[39m     [36mif[39m (x [33m<[39m minX) minX [33m=[39m x[33m;[39m[0m
[0m [90m 29 |[39m     [36mif[39m (x [33m>[39m maxX) maxX [33m=[39m x[33m;[39m[0m
[0m [90m 30 |[39m     [36mif[39m (y [33m<[39m minY) minY [33m=[39m y[33m;[39m[0m
 ⨯ components/MathGraph.jsx (27:10) @ values
 ⨯ TypeError: Cannot convert undefined or null to object
    at Function.values (<anonymous>)
    at MathGraph (./components/MathGraph.jsx:61:12)
    at stringify (<anonymous>)
    at stringify (<anonymous>)
digest: "3376046471"
[0m [90m 25 |[39m   [36mlet[39m minX [33m=[39m [33mInfinity[39m[33m,[39m minY [33m=[39m [33mInfinity[39m[33m,[39m maxX [33m=[39m [33m-[39m[33mInfinity[39m[33m,[39m maxY [33m=[39m [33m-[39m[33mInfinity[39m[33m;[39m[0m
[0m [90m 26 |[39m[0m
[0m[31m[1m>[22m[39m[90m 27 |[39m   [33mObject[39m[33m.[39mvalues(data[33m.[39mpoints)[33m.[39mforEach(([x[33m,[39m y]) [33m=>[39m {[0m
[0m [90m    |[39m          [31m[1m^[22m[39m[0m
[0m [90m 28 |[39m     [36mif[39m (x [33m<[39m minX) minX [33m=[39m x[33m;[39m[0m
[0m [90m 29 |[39m     [36mif[39m (x [33m>[39m maxX) maxX [33m=[39m x[33m;[39m[0m
[0m [90m 30 |[39m     [36mif[39m (y [33m<[39m minY) minY [33m=[39m y[33m;[39m[0m
 ✓ Compiled in 2.2s (241 modules)
 GET / 500 in 16831ms
 ✓ Compiled in 549ms (505 modules)
 ⨯ components/MathGraph.jsx (205:37) @ eval
 ⨯ TypeError: Cannot read properties of undefined (reading '0')
    at eval (./components/MathGraph.jsx:245:40)
    at Array.map (<anonymous>)
    at MathGraph (./components/MathGraph.jsx:100:37)
    at stringify (<anonymous>)
    at stringify (<anonymous>)
digest: "12126053"
[0m [90m 203 |[39m             }[0m
[0m [90m 204 |[39m             [36mif[39m (el[33m.[39mtype [33m===[39m [32m'tick'[39m) {[0m
[0m[31m[1m>[22m[39m[90m 205 |[39m                 [36mconst[39m midX [33m=[39m (el[33m.[39mp1[[35m0[39m] [33m+[39m el[33m.[39mp2[[35m0[39m]) [33m/[39m [35m2[39m[33m;[39m[0m
[0m [90m     |[39m                                     [31m[1m^[22m[39m[0m
[0m [90m 206 |[39m                 [36mconst[39m midY [33m=[39m (el[33m.[39mp1[[35m1[39m] [33m+[39m el[33m.[39mp2[[35m1[39m]) [33m/[39m [35m2[39m[33m;[39m[0m
[0m [90m 207 |[39m                 [0m
[0m [90m 208 |[39m                 [36mconst[39m dx [33m=[39m el[33m.[39mp2[[35m0[39m] [33m-[39m el[33m.[39mp1[[35m0[39m][33m;[39m[0m
 ⨯ components/MathGraph.jsx (76:39) @ map
 ⨯ TypeError: Cannot read properties of undefined (reading 'map')
    at eval (./components/MathGraph.jsx:102:43)
    at Array.map (<anonymous>)
    at MathGraph (./components/MathGraph.jsx:100:37)
    at stringify (<anonymous>)
    at stringify (<anonymous>)
digest: "1661213958"
[0m [90m 74 |[39m         {data[33m.[39melements[33m.[39mmap((el[33m,[39m idx) [33m=>[39m {[0m
[0m [90m 75 |[39m             [36mif[39m (el[33m.[39mtype [33m===[39m [32m'line'[39m) {[0m
[0m[31m[1m>[22m[39m[90m 76 |[39m                 [36mconst[39m pts [33m=[39m el[33m.[39mpoints[33m.[39mmap(pt [33m=>[39m [32m`${pt[0]},${trY(pt[1])}`[39m)[33m.[39mjoin([32m" "[39m)[33m;[39m[0m
[0m [90m    |[39m                                       [31m[1m^[22m[39m[0m
[0m [90m 77 |[39m                 [0m
[0m [90m 78 |[39m                 [90m// Arrows (simple marker implementations could go here, but omitted for simplicity unless needed)[39m[0m
[0m [90m 79 |[39m                 [36mreturn[39m ([0m
 ⨯ components/MathGraph.jsx (122:37) @ eval
 ⨯ TypeError: Cannot read properties of undefined (reading '1')
    at eval (./components/MathGraph.jsx:155:40)
    at Array.map (<anonymous>)
    at MathGraph (./components/MathGraph.jsx:100:37)
    at stringify (<anonymous>)
    at stringify (<anonymous>)
digest: "556794951"
[0m [90m 120 |[39m             [36mif[39m (el[33m.[39mtype [33m===[39m [32m'right_angle'[39m) {[0m
[0m [90m 121 |[39m                 [36mconst[39m p2 [33m=[39m el[33m.[39mpoint[33m;[39m [90m// Vertex[39m[0m
[0m[31m[1m>[22m[39m[90m 122 |[39m                 [36mconst[39m p1 [33m=[39m el[33m.[39mline1[[35m1[39m][33m;[39m [90m// Other point on line 1[39m[0m
[0m [90m     |[39m                                     [31m[1m^[22m[39m[0m
[0m [90m 123 |[39m                 [36mconst[39m p3 [33m=[39m el[33m.[39mline2[[35m1[39m][33m;[39m [90m// Other point on line 2[39m[0m
[0m [90m 124 |[39m                 [36mconst[39m size [33m=[39m el[33m.[39msize [33m||[39m [35m1.5[39m[33m;[39m[0m
[0m [90m 125 |[39m[0m
 ⨯ components/MathGraph.jsx (76:39) @ map
 ⨯ TypeError: Cannot read properties of undefined (reading 'map')
    at eval (./components/MathGraph.jsx:102:43)
    at Array.map (<anonymous>)
    at MathGraph (./components/MathGraph.jsx:100:37)
    at stringify (<anonymous>)
    at stringify (<anonymous>)
digest: "1661213958"
[0m [90m 74 |[39m         {data[33m.[39melements[33m.[39mmap((el[33m,[39m idx) [33m=>[39m {[0m
[0m [90m 75 |[39m             [36mif[39m (el[33m.[39mtype [33m===[39m [32m'line'[39m) {[0m
[0m[31m[1m>[22m[39m[90m 76 |[39m                 [36mconst[39m pts [33m=[39m el[33m.[39mpoints[33m.[39mmap(pt [33m=>[39m [32m`${pt[0]},${trY(pt[1])}`[39m)[33m.[39mjoin([32m" "[39m)[33m;[39m[0m
[0m [90m    |[39m                                       [31m[1m^[22m[39m[0m
[0m [90m 77 |[39m                 [0m
[0m [90m 78 |[39m                 [90m// Arrows (simple marker implementations could go here, but omitted for simplicity unless needed)[39m[0m
[0m [90m 79 |[39m                 [36mreturn[39m ([0m
 ⨯ components/MathGraph.jsx (122:37) @ eval
 ⨯ TypeError: Cannot read properties of undefined (reading '1')
    at eval (./components/MathGraph.jsx:155:40)
    at Array.map (<anonymous>)
    at MathGraph (./components/MathGraph.jsx:100:37)
    at stringify (<anonymous>)
    at stringify (<anonymous>)
digest: "556794951"
[0m [90m 120 |[39m             [36mif[39m (el[33m.[39mtype [33m===[39m [32m'right_angle'[39m) {[0m
[0m [90m 121 |[39m                 [36mconst[39m p2 [33m=[39m el[33m.[39mpoint[33m;[39m [90m// Vertex[39m[0m
[0m[31m[1m>[22m[39m[90m 122 |[39m                 [36mconst[39m p1 [33m=[39m el[33m.[39mline1[[35m1[39m][33m;[39m [90m// Other point on line 1[39m[0m
[0m [90m     |[39m                                     [31m[1m^[22m[39m[0m
[0m [90m 123 |[39m                 [36mconst[39m p3 [33m=[39m el[33m.[39mline2[[35m1[39m][33m;[39m [90m// Other point on line 2[39m[0m
[0m [90m 124 |[39m                 [36mconst[39m size [33m=[39m el[33m.[39msize [33m||[39m [35m1.5[39m[33m;[39m[0m
[0m [90m 125 |[39m[0m
 ⨯ components/MathGraph.jsx (205:37) @ eval
 ⨯ TypeError: Cannot read properties of undefined (reading '0')
    at eval (./components/MathGraph.jsx:245:40)
    at Array.map (<anonymous>)
    at MathGraph (./components/MathGraph.jsx:100:37)
    at stringify (<anonymous>)
    at stringify (<anonymous>)
digest: "12126053"
[0m [90m 203 |[39m             }[0m
[0m [90m 204 |[39m             [36mif[39m (el[33m.[39mtype [33m===[39m [32m'tick'[39m) {[0m
[0m[31m[1m>[22m[39m[90m 205 |[39m                 [36mconst[39m midX [33m=[39m (el[33m.[39mp1[[35m0[39m] [33m+[39m el[33m.[39mp2[[35m0[39m]) [33m/[39m [35m2[39m[33m;[39m[0m
[0m [90m     |[39m                                     [31m[1m^[22m[39m[0m
[0m [90m 206 |[39m                 [36mconst[39m midY [33m=[39m (el[33m.[39mp1[[35m1[39m] [33m+[39m el[33m.[39mp2[[35m1[39m]) [33m/[39m [35m2[39m[33m;[39m[0m
[0m [90m 207 |[39m                 [0m
[0m [90m 208 |[39m                 [36mconst[39m dx [33m=[39m el[33m.[39mp2[[35m0[39m] [33m-[39m el[33m.[39mp1[[35m0[39m][33m;[39m[0m
 GET / 500 in 662ms
 ✓ Compiled in 462ms (505 modules)
 ⨯ components/MathGraph.jsx (76:39) @ map
 ⨯ TypeError: Cannot read properties of undefined (reading 'map')
    at eval (./components/MathGraph.jsx:102:43)
    at Array.map (<anonymous>)
    at MathGraph (./components/MathGraph.jsx:100:37)
    at stringify (<anonymous>)
    at stringify (<anonymous>)
digest: "1661213958"
[0m [90m 74 |[39m         {data[33m.[39melements[33m.[39mmap((el[33m,[39m idx) [33m=>[39m {[0m
[0m [90m 75 |[39m             [36mif[39m (el[33m.[39mtype [33m===[39m [32m'line'[39m) {[0m
[0m[31m[1m>[22m[39m[90m 76 |[39m                 [36mconst[39m pts [33m=[39m el[33m.[39mpoints[33m.[39mmap(pt [33m=>[39m [32m`${pt[0]},${trY(pt[1])}`[39m)[33m.[39mjoin([32m" "[39m)[33m;[39m[0m
[0m [90m    |[39m                                       [31m[1m^[22m[39m[0m
[0m [90m 77 |[39m                 [0m
[0m [90m 78 |[39m                 [90m// Arrows (simple marker implementations could go here, but omitted for simplicity unless needed)[39m[0m
[0m [90m 79 |[39m                 [36mreturn[39m ([0m
 ⨯ components/MathGraph.jsx (122:37) @ eval
 ⨯ TypeError: Cannot read properties of undefined (reading '1')
    at eval (./components/MathGraph.jsx:155:40)
    at Array.map (<anonymous>)
    at MathGraph (./components/MathGraph.jsx:100:37)
    at stringify (<anonymous>)
    at stringify (<anonymous>)
digest: "556794951"
[0m [90m 120 |[39m             [36mif[39m (el[33m.[39mtype [33m===[39m [32m'right_angle'[39m) {[0m
[0m [90m 121 |[39m                 [36mconst[39m p2 [33m=[39m el[33m.[39mpoint[33m;[39m [90m// Vertex[39m[0m
[0m[31m[1m>[22m[39m[90m 122 |[39m                 [36mconst[39m p1 [33m=[39m el[33m.[39mline1[[35m1[39m][33m;[39m [90m// Other point on line 1[39m[0m
[0m [90m     |[39m                                     [31m[1m^[22m[39m[0m
[0m [90m 123 |[39m                 [36mconst[39m p3 [33m=[39m el[33m.[39mline2[[35m1[39m][33m;[39m [90m// Other point on line 2[39m[0m
[0m [90m 124 |[39m                 [36mconst[39m size [33m=[39m el[33m.[39msize [33m||[39m [35m1.5[39m[33m;[39m[0m
[0m [90m 125 |[39m[0m
 ⨯ components/MathGraph.jsx (76:39) @ map
 ⨯ TypeError: Cannot read properties of undefined (reading 'map')
    at eval (./components/MathGraph.jsx:102:43)
    at Array.map (<anonymous>)
    at MathGraph (./components/MathGraph.jsx:100:37)
    at stringify (<anonymous>)
    at stringify (<anonymous>)
digest: "1661213958"
[0m [90m 74 |[39m         {data[33m.[39melements[33m.[39mmap((el[33m,[39m idx) [33m=>[39m {[0m
[0m [90m 75 |[39m             [36mif[39m (el[33m.[39mtype [33m===[39m [32m'line'[39m) {[0m
[0m[31m[1m>[22m[39m[90m 76 |[39m                 [36mconst[39m pts [33m=[39m el[33m.[39mpoints[33m.[39mmap(pt [33m=>[39m [32m`${pt[0]},${trY(pt[1])}`[39m)[33m.[39mjoin([32m" "[39m)[33m;[39m[0m
[0m [90m    |[39m                                       [31m[1m^[22m[39m[0m
[0m [90m 77 |[39m                 [0m
[0m [90m 78 |[39m                 [90m// Arrows (simple marker implementations could go here, but omitted for simplicity unless needed)[39m[0m
[0m [90m 79 |[39m                 [36mreturn[39m ([0m
 ⨯ components/MathGraph.jsx (122:37) @ eval
 ⨯ TypeError: Cannot read properties of undefined (reading '1')
    at eval (./components/MathGraph.jsx:155:40)
    at Array.map (<anonymous>)
    at MathGraph (./components/MathGraph.jsx:100:37)
    at stringify (<anonymous>)
    at stringify (<anonymous>)
digest: "556794951"
[0m [90m 120 |[39m             [36mif[39m (el[33m.[39mtype [33m===[39m [32m'right_angle'[39m) {[0m
[0m [90m 121 |[39m                 [36mconst[39m p2 [33m=[39m el[33m.[39mpoint[33m;[39m [90m// Vertex[39m[0m
[0m[31m[1m>[22m[39m[90m 122 |[39m                 [36mconst[39m p1 [33m=[39m el[33m.[39mline1[[35m1[39m][33m;[39m [90m// Other point on line 1[39m[0m
[0m [90m     |[39m                                     [31m[1m^[22m[39m[0m
[0m [90m 123 |[39m                 [36mconst[39m p3 [33m=[39m el[33m.[39mline2[[35m1[39m][33m;[39m [90m// Other point on line 2[39m[0m
[0m [90m 124 |[39m                 [36mconst[39m size [33m=[39m el[33m.[39msize [33m||[39m [35m1.5[39m[33m;[39m[0m
[0m [90m 125 |[39m[0m
 ⨯ components/MathGraph.jsx (76:39) @ map
 ⨯ TypeError: Cannot read properties of undefined (reading 'map')
    at eval (./components/MathGraph.jsx:102:43)
    at Array.map (<anonymous>)
    at MathGraph (./components/MathGraph.jsx:100:37)
    at stringify (<anonymous>)
    at stringify (<anonymous>)
digest: "1661213958"
[0m [90m 74 |[39m         {data[33m.[39melements[33m.[39mmap((el[33m,[39m idx) [33m=>[39m {[0m
[0m [90m 75 |[39m             [36mif[39m (el[33m.[39mtype [33m===[39m [32m'line'[39m) {[0m
[0m[31m[1m>[22m[39m[90m 76 |[39m                 [36mconst[39m pts [33m=[39m el[33m.[39mpoints[33m.[39mmap(pt [33m=>[39m [32m`${pt[0]},${trY(pt[1])}`[39m)[33m.[39mjoin([32m" "[39m)[33m;[39m[0m
[0m [90m    |[39m                                       [31m[1m^[22m[39m[0m
[0m [90m 77 |[39m                 [0m
[0m [90m 78 |[39m                 [90m// Arrows (simple marker implementations could go here, but omitted for simplicity unless needed)[39m[0m
[0m [90m 79 |[39m                 [36mreturn[39m ([0m
 GET / 500 in 754ms
 ✓ Compiled in 520ms (505 modules)
 ⨯ components/MathGraph.jsx (129:37) @ eval
 ⨯ TypeError: Cannot read properties of undefined (reading '1')
    at eval (./components/MathGraph.jsx:161:40)
    at Array.map (<anonymous>)
    at MathGraph (./components/MathGraph.jsx:100:37)
    at stringify (<anonymous>)
    at stringify (<anonymous>)
digest: "2984251488"
[0m [90m 127 |[39m             [36mif[39m (el[33m.[39mtype [33m===[39m [32m'right_angle'[39m) {[0m
[0m [90m 128 |[39m                 [36mconst[39m p2 [33m=[39m el[33m.[39mpoint[33m;[39m [90m// Vertex[39m[0m
[0m[31m[1m>[22m[39m[90m 129 |[39m                 [36mconst[39m p1 [33m=[39m el[33m.[39mline1[[35m1[39m][33m;[39m [90m// Other point on line 1[39m[0m
[0m [90m     |[39m                                     [31m[1m^[22m[39m[0m
[0m [90m 130 |[39m                 [36mconst[39m p3 [33m=[39m el[33m.[39mline2[[35m1[39m][33m;[39m [90m// Other point on line 2[39m[0m
[0m [90m 131 |[39m                 [36mconst[39m size [33m=[39m el[33m.[39msize [33m||[39m [35m1.5[39m[33m;[39m[0m
[0m [90m 132 |[39m[0m
 ⨯ components/MathGraph.jsx (129:37) @ eval
 ⨯ TypeError: Cannot read properties of undefined (reading '1')
    at eval (./components/MathGraph.jsx:161:40)
    at Array.map (<anonymous>)
    at MathGraph (./components/MathGraph.jsx:100:37)
    at stringify (<anonymous>)
    at stringify (<anonymous>)
digest: "2984251488"
[0m [90m 127 |[39m             [36mif[39m (el[33m.[39mtype [33m===[39m [32m'right_angle'[39m) {[0m
[0m [90m 128 |[39m                 [36mconst[39m p2 [33m=[39m el[33m.[39mpoint[33m;[39m [90m// Vertex[39m[0m
[0m[31m[1m>[22m[39m[90m 129 |[39m                 [36mconst[39m p1 [33m=[39m el[33m.[39mline1[[35m1[39m][33m;[39m [90m// Other point on line 1[39m[0m
[0m [90m     |[39m                                     [31m[1m^[22m[39m[0m
[0m [90m 130 |[39m                 [36mconst[39m p3 [33m=[39m el[33m.[39mline2[[35m1[39m][33m;[39m [90m// Other point on line 2[39m[0m
[0m [90m 131 |[39m                 [36mconst[39m size [33m=[39m el[33m.[39msize [33m||[39m [35m1.5[39m[33m;[39m[0m
[0m [90m 132 |[39m[0m
 ⨯ components/MathGraph.jsx (129:37) @ eval
 ⨯ TypeError: Cannot read properties of undefined (reading '1')
    at eval (./components/MathGraph.jsx:161:40)
    at Array.map (<anonymous>)
    at MathGraph (./components/MathGraph.jsx:100:37)
    at stringify (<anonymous>)
    at stringify (<anonymous>)
digest: "2984251488"
[0m [90m 127 |[39m             [36mif[39m (el[33m.[39mtype [33m===[39m [32m'right_angle'[39m) {[0m
[0m [90m 128 |[39m                 [36mconst[39m p2 [33m=[39m el[33m.[39mpoint[33m;[39m [90m// Vertex[39m[0m
[0m[31m[1m>[22m[39m[90m 129 |[39m                 [36mconst[39m p1 [33m=[39m el[33m.[39mline1[[35m1[39m][33m;[39m [90m// Other point on line 1[39m[0m
[0m [90m     |[39m                                     [31m[1m^[22m[39m[0m
[0m [90m 130 |[39m                 [36mconst[39m p3 [33m=[39m el[33m.[39mline2[[35m1[39m][33m;[39m [90m// Other point on line 2[39m[0m
[0m [90m 131 |[39m                 [36mconst[39m size [33m=[39m el[33m.[39msize [33m||[39m [35m1.5[39m[33m;[39m[0m
[0m [90m 132 |[39m[0m
 GET / 500 in 638ms
 ✓ Compiled in 532ms (505 modules)
 GET / 200 in 731ms
 GET / 200 in 403ms
 ✓ Compiled in 511ms (505 modules)
 GET / 200 in 849ms
 ✓ Compiled in 4.9s (505 modules)
 GET / 200 in 813ms
 ⨯ ./components/MathGraph.jsx
Error:
  [31mx[0m Expected '{', got 'N'
   ,-[[36;1;4m/app/components/MathGraph.jsx[0m:2:1]
 [2m2[0m |
 [2m3[0m | // Direction vectors for native string parsing in offsets
 [2m4[0m | export // const DIRECTION_VECTORS = {
 [2m5[0m |   N: [0, -1],
   : [31;1m  ^[0m
 [2m6[0m |   S: [0, 1],
 [2m7[0m |   E: [1, 0],
 [2m8[0m |   W: [-1, 0],
   `----

Caused by:
    Syntax Error

Import trace for requested module:
./components/MathGraph.jsx
./app/page.tsx
 ⨯ ./components/MathGraph.jsx
Error:
  [31mx[0m Expected ';', '}' or <eof>
   ,-[[36;1;4m/app/components/MathGraph.jsx[0m:2:1]
 [2m2[0m |
 [2m3[0m |     // Direction vectors for native string parsing in offsets
 [2m4[0m |     // const DIRECTION_VECTORS = {
 [2m5[0m | [31;1m,[0m[31;1m-[0m[31;1m>[0m   N: [0, -1],
 [2m6[0m | [31;1m|[0m[31;1m-[0m[31;1m>[0m   S: [0, 1],
   : [31;1m`[0m[31;1m---[0m[33;1m   ^[0m
   : [31;1m`[0m[31;1m---[0m[31;1m-[0m [31;1mThis is the expression part of an expression statement[0m
 [2m7[0m |       E: [1, 0],
 [2m8[0m |       W: [-1, 0],
 [2m9[0m |       NE: [1, -1],
   `----

Caused by:
    Syntax Error

Import trace for requested module:
./components/MathGraph.jsx
./app/page.tsx
 ✓ Compiled in 455ms (505 modules)
